Determining if the pthread_create exist failed with the following output:
Change Dir: /home/jossi/Documents/ros/build/CMakeFiles/CMakeTmp

Run Build Command:"/usr/bin/make" "cmTC_3bff9/fast"
/usr/bin/make -f CMakeFiles/cmTC_3bff9.dir/build.make CMakeFiles/cmTC_3bff9.dir/build
make[1]: Entering directory '/home/jossi/Documents/ros/build/CMakeFiles/CMakeTmp'
Building C object CMakeFiles/cmTC_3bff9.dir/CheckSymbolExists.c.o
/usr/bin/cc     -o CMakeFiles/cmTC_3bff9.dir/CheckSymbolExists.c.o   -c /home/jossi/Documents/ros/build/CMakeFiles/CMakeTmp/CheckSymbolExists.c
Linking C executable cmTC_3bff9
/usr/bin/cmake -E cmake_link_script CMakeFiles/cmTC_3bff9.dir/link.txt --verbose=1
/usr/bin/cc       CMakeFiles/cmTC_3bff9.dir/CheckSymbolExists.c.o  -o cmTC_3bff9 -rdynamic 
CMakeFiles/cmTC_3bff9.dir/CheckSymbolExists.c.o: In function `main':
CheckSymbolExists.c:(.text+0x16): undefined reference to `pthread_create'
collect2: error: ld returned 1 exit status
CMakeFiles/cmTC_3bff9.dir/build.make:97: recipe for target 'cmTC_3bff9' failed
make[1]: *** [cmTC_3bff9] Error 1
make[1]: Leaving directory '/home/jossi/Documents/ros/build/CMakeFiles/CMakeTmp'
Makefile:126: recipe for target 'cmTC_3bff9/fast' failed
make: *** [cmTC_3bff9/fast] Error 2

File /home/jossi/Documents/ros/build/CMakeFiles/CMakeTmp/CheckSymbolExists.c:
/* */
#include <pthread.h>

int main(int argc, char** argv)
{
  (void)argv;
#ifndef pthread_create
  return ((int*)(&pthread_create))[argc];
#else
  (void)argc;
  return 0;
#endif
}

Determining if the function pthread_create exists in the pthreads failed with the following output:
Change Dir: /home/jossi/Documents/ros/build/CMakeFiles/CMakeTmp

Run Build Command:"/usr/bin/make" "cmTC_a597b/fast"
/usr/bin/make -f CMakeFiles/cmTC_a597b.dir/build.make CMakeFiles/cmTC_a597b.dir/build
make[1]: Entering directory '/home/jossi/Documents/ros/build/CMakeFiles/CMakeTmp'
Building C object CMakeFiles/cmTC_a597b.dir/CheckFunctionExists.c.o
/usr/bin/cc    -DCHECK_FUNCTION_EXISTS=pthread_create   -o CMakeFiles/cmTC_a597b.dir/CheckFunctionExists.c.o   -c /usr/share/cmake-3.5/Modules/CheckFunctionExists.c
Linking C executable cmTC_a597b
/usr/bin/cmake -E cmake_link_script CMakeFiles/cmTC_a597b.dir/link.txt --verbose=1
/usr/bin/cc   -DCHECK_FUNCTION_EXISTS=pthread_create    CMakeFiles/cmTC_a597b.dir/CheckFunctionExists.c.o  -o cmTC_a597b -rdynamic -lpthreads 
/usr/bin/ld: cannot find -lpthreads
collect2: error: ld returned 1 exit status
CMakeFiles/cmTC_a597b.dir/build.make:97: recipe for target 'cmTC_a597b' failed
make[1]: *** [cmTC_a597b] Error 1
make[1]: Leaving directory '/home/jossi/Documents/ros/build/CMakeFiles/CMakeTmp'
Makefile:126: recipe for target 'cmTC_a597b/fast' failed
make: *** [cmTC_a597b/fast] Error 2


